# 2023-05-30 16:42:34 -03: Initialization
# Elitist race
# Elitist new instances: 1
# Elitist limit: 2
# nbIterations: 4
# minNbSurvival: 4
# nbParameters: 4
# seed: 1245159601
# confidence level: 0.95
# budget: 180
# mu: 5
# deterministic: FALSE

# 2023-05-30 16:42:34 -03: Iteration 1 of 4
# experimentsUsedSoFar: 0
# remainingBudget: 180
# currentBudget: 45
# nbConfigurations: 7
# Markers:
     x No test is performed.
     c Configurations are discarded only due to capping.
     - The test is performed and some configurations are discarded.
     = The test is performed but no configuration is discarded.
     ! The test is performed and configurations could be discarded but elite configurations are preserved.
     . All alive configurations are elite and nothing is discarded

+-+-----------+-----------+-----------+----------------+-----------+--------+-----+----+------+
| |   Instance|      Alive|       Best|       Mean best| Exp so far|  W time|  rho|KenW|  Qvar|
+-+-----------+-----------+-----------+----------------+-----------+--------+-----+----+------+
|x|          1|          7|          3|    -1139.242473|          7|06:41:27|   NA|  NA|    NA|
|x|          2|          7|          2|     926.0586332|         14|05:52:35|+0.79|0.89|0.8090|
|x|          3|          7|          3|    -439.7394402|         21|05:55:17|+0.44|0.63|0.6302|
|x|          4|          7|          3|    -352.6233805|         28|12:42:56|+0.48|0.61|0.4703|
|-|          5|          3|          3|    -433.6537407|         35|13:01:15|+0.10|0.28|0.5306|
+-+-----------+-----------+-----------+----------------+-----------+--------+-----+----+------+
Best-so-far configuration:           3    mean value:     -433.6537407
Description of the best-so-far configuration:
  .ID. sample episodes numberniches numgens .PARENT.
3    3     22        1            2      85       NA

# 2023-06-01 12:56:07 -03: Elite configurations (first number is the configuration ID; listed from best to worst according to the sum of ranks):
  sample episodes numberniches numgens
3     22        1            2      85
6     64        6            5      90
1    124        4            3      84
# 2023-06-01 12:56:07 -03: Iteration 2 of 4
# experimentsUsedSoFar: 35
# remainingBudget: 145
# currentBudget: 48
# nbConfigurations: 9
# Markers:
     x No test is performed.
     c Configurations are discarded only due to capping.
     - The test is performed and some configurations are discarded.
     = The test is performed but no configuration is discarded.
     ! The test is performed and configurations could be discarded but elite configurations are preserved.
     . All alive configurations are elite and nothing is discarded

+-+-----------+-----------+-----------+----------------+-----------+--------+-----+----+------+
| |   Instance|      Alive|       Best|       Mean best| Exp so far|  W time|  rho|KenW|  Qvar|
+-+-----------+-----------+-----------+----------------+-----------+--------+-----+----+------+
|x|          6|          9|          3|    -633.1251611|          9|10:27:52|   NA|  NA|    NA|
|x|          5|          9|          3|    -695.4501713|         15|10:38:50|+0.20|0.60|0.2608|
|x|          3|          9|          3|    -848.3146607|         21|07:08:14|+0.01|0.34|0.2820|
|x|          1|          9|          3|    -921.0466137|         27|07:15:53|+0.14|0.35|0.2385|
|=|          4|          9|          3|    -755.0923313|         33|16:58:30|+0.19|0.35|0.2736|
|=|          2|          9|          3|    -466.8989774|         39|16:27:26|+0.08|0.23|0.5805|
|=|          7|          9|          3|    -455.5396221|         48|15:52:20|+0.12|0.25|0.5484|
+-+-----------+-----------+-----------+----------------+-----------+--------+-----+----+------+
Best-so-far configuration:           3    mean value:     -455.5396221
Description of the best-so-far configuration:
  .ID. sample episodes numberniches numgens .PARENT.
3    3     22        1            2      85       NA

# 2023-06-05 01:45:16 -03: Elite configurations (first number is the configuration ID; listed from best to worst according to the sum of ranks):
   sample episodes numberniches numgens
3      22        1            2      85
11     64        8            5      95
9     206        1            5      74
6      64        6            5      90
# 2023-06-05 01:45:16 -03: Iteration 3 of 4
# experimentsUsedSoFar: 83
# remainingBudget: 97
# currentBudget: 48
# nbConfigurations: 9
# Markers:
     x No test is performed.
     c Configurations are discarded only due to capping.
     - The test is performed and some configurations are discarded.
     = The test is performed but no configuration is discarded.
     ! The test is performed and configurations could be discarded but elite configurations are preserved.
     . All alive configurations are elite and nothing is discarded

+-+-----------+-----------+-----------+----------------+-----------+--------+-----+----+------+
| |   Instance|      Alive|       Best|       Mean best| Exp so far|  W time|  rho|KenW|  Qvar|
+-+-----------+-----------+-----------+----------------+-----------+--------+-----+----+------+
|x|          8|          9|          3|    -699.9420235|          9|11:34:28|   NA|  NA|    NA|
|x|          3|          9|          3|    -926.9928316|         14|05:46:39|+0.25|0.62|0.1636|
|x|          6|          9|          3|    -829.0369414|         19|06:52:25|+0.46|0.64|0.1259|
|x|          7|          9|          3|    -718.6235785|         24|06:35:40|+0.42|0.57|0.1127|
|-|          2|          5|         17|    -347.3078337|         29|06:14:56|+0.26|0.41|0.2694|
|!|          4|          5|         17|    -413.6910431|         30|04:02:26|+0.29|0.41|0.2598|
|=|          1|          5|          3|    -447.2777424|         31|00:42:04|+0.17|0.29|0.3111|
|=|          5|          5|          3|    -486.0899223|         32|00:40:22|+0.18|0.28|0.3058|
|-|          9|          3|          3|    -483.8687419|         37|04:58:16|-0.03|0.09|0.4997|
+-+-----------+-----------+-----------+----------------+-----------+--------+-----+----+------+
Best-so-far configuration:           3    mean value:     -483.8687419
Description of the best-so-far configuration:
  .ID. sample episodes numberniches numgens .PARENT.
3    3     22        1            2      85       NA

# 2023-06-07 01:12:37 -03: Elite configurations (first number is the configuration ID; listed from best to worst according to the sum of ranks):
   sample episodes numberniches numgens
3      22        1            2      85
17      8        1            2      87
9     206        1            5      74
# 2023-06-07 01:12:37 -03: Iteration 4 of 4
# experimentsUsedSoFar: 120
# remainingBudget: 60
# currentBudget: 60
# nbConfigurations: 8
# Markers:
     x No test is performed.
     c Configurations are discarded only due to capping.
     - The test is performed and some configurations are discarded.
     = The test is performed but no configuration is discarded.
     ! The test is performed and configurations could be discarded but elite configurations are preserved.
     . All alive configurations are elite and nothing is discarded

+-+-----------+-----------+-----------+----------------+-----------+--------+-----+----+------+
| |   Instance|      Alive|       Best|       Mean best| Exp so far|  W time|  rho|KenW|  Qvar|
+-+-----------+-----------+-----------+----------------+-----------+--------+-----+----+------+
|x|         10|          8|          3|    -1111.863168|          8|05:30:13|   NA|  NA|    NA|
|x|          1|          8|          3|    -1125.552820|         13|07:35:45|+0.60|0.80|0.4267|
|x|          9|          8|          3|    -905.7349798|         18|04:38:40|+0.66|0.77|0.2972|
|x|          4|          8|          3|    -702.1200352|         23|03:18:55|+0.28|0.46|0.6219|
|-|          6|          5|          3|    -688.3210604|         28|04:27:58|+0.18|0.34|0.5608|
|=|          8|          5|          3|    -690.2578876|         30|01:49:58|+0.21|0.34|0.5213|
|=|          5|          5|          3|    -699.9032153|         32|01:27:05|+0.16|0.28|0.5997|
|=|          7|          5|          3|    -660.8382496|         34|01:28:21|+0.12|0.23|0.5784|
|!|          3|          5|          3|    -715.6388485|         36|05:37:41|+0.19|0.28|0.5321|
|=|          2|          5|          3|    -546.6681845|         38|01:12:25|+0.08|0.18|0.5924|
|=|         11|          5|          3|    -514.2851962|         43|05:26:08|+0.00|0.09|0.6903|
+-+-----------+-----------+-----------+----------------+-----------+--------+-----+----+------+
Best-so-far configuration:           3    mean value:     -514.2851962
Description of the best-so-far configuration:
  .ID. sample episodes numberniches numgens .PARENT.
3    3     22        1            2      85       NA

# 2023-06-08 19:45:52 -03: Elite configurations (first number is the configuration ID; listed from best to worst according to the sum of ranks):
   sample episodes numberniches numgens
3      22        1            2      85
21     22        1            3      81
23     22        1            3      85
17      8        1            2      87
# 2023-06-08 19:45:52 -03: Iteration 5 of 5
# experimentsUsedSoFar: 163
# remainingBudget: 17
# currentBudget: 17
# nbConfigurations: 5
# Markers:
     x No test is performed.
     c Configurations are discarded only due to capping.
     - The test is performed and some configurations are discarded.
     = The test is performed but no configuration is discarded.
     ! The test is performed and configurations could be discarded but elite configurations are preserved.
     . All alive configurations are elite and nothing is discarded

+-+-----------+-----------+-----------+----------------+-----------+--------+-----+----+------+
| |   Instance|      Alive|       Best|       Mean best| Exp so far|  W time|  rho|KenW|  Qvar|
+-+-----------+-----------+-----------+----------------+-----------+--------+-----+----+------+
|x|         12|          5|          3|    -883.2148761|          5|04:27:57|   NA|  NA|    NA|
|x|          6|          5|          3|    -758.1700186|          6|00:56:57|+0.00|0.50|0.9359|
|x|         10|          5|          3|    -876.0677350|          7|00:32:34|+0.33|0.56|0.6844|
|x|          5|          5|          3|    -846.4945966|          8|00:43:34|+0.38|0.54|0.5993|
|=|          2|          5|          3|    -482.3821189|          9|00:33:07|+0.01|0.21|0.8206|
|=|          7|          5|          3|    -466.5490141|         10|00:50:51|-0.11|0.07|0.9028|
|=|          9|          5|          3|    -466.4847691|         11|00:31:55|-0.06|0.09|0.8588|
|=|          8|          5|          3|    -495.6669259|         12|00:47:07|+0.00|0.13|0.8150|
|=|          4|          5|          3|    -450.7345121|         13|00:57:20|-0.06|0.06|0.8497|
|=|          1|          5|          3|    -519.5853081|         14|00:32:33|-0.01|0.09|0.8048|
|=|          3|          5|          3|    -577.2633383|         15|00:31:18|+0.05|0.13|0.7623|
|=|         11|          5|          3|    -545.0293362|         16|00:34:20|+0.04|0.12|0.7713|
+-+-----------+-----------+-----------+----------------+-----------+--------+-----+----+------+
Best-so-far configuration:           3    mean value:     -545.0293362
Description of the best-so-far configuration:
  .ID. sample episodes numberniches numgens .PARENT.
3    3     22        1            2      85       NA

# 2023-06-09 07:45:31 -03: Elite configurations (first number is the configuration ID; listed from best to worst according to the sum of ranks):
   sample episodes numberniches numgens
3      22        1            2      85
21     22        1            3      81
23     22        1            3      85
17      8        1            2      87
# 2023-06-09 07:45:31 -03: Stopped because there is not enough budget left to race more than the minimum (4)
# You may either increase the budget or set 'minNbSurvival' to a lower value
# Iteration: 6
# nbIterations: 6
# experimentsUsedSoFar: 179
# timeUsed: 0
# remainingBudget: 1
# currentBudget: 1
# number of elites: 4
# nbConfigurations: 3
# Total CPU user time: 794474.2, CPU sys time: 104921.8, Wall-clock time: 831777.1
# Best configurations (first number is the configuration ID; listed from best to worst according to the sum of ranks):
   sample episodes numberniches numgens
3      22        1            2      85
21     22        1            3      81
23     22        1            3      85
17      8        1            2      87
# Best configurations as commandlines (first number is the configuration ID; same order as above):
3   --sample 22 --episodes 1 --numberniches 2 --numgens 85
21  --sample 22 --episodes 1 --numberniches 3 --numgens 81
23  --sample 22 --episodes 1 --numberniches 3 --numgens 85
17  --sample 8 --episodes 1 --numberniches 2 --numgens 87


# Testing of elite configurations: 1 
# Testing iteration configurations: FALSE 
# 2023-06-09 07:45:31 -03: No test instances, skip testing
