
pybullet build time: May  1 2023 12:33:41

pybullet build time: May  1 2023 12:33:41

pybullet build time: May  1 2023 12:33:41

pybullet build time: May  1 2023 12:33:41

pybullet build time: May  1 2023 12:33:41

pybullet build time: May  1 2023 12:33:41

pybullet build time: May  1 2023 12:33:41

pybullet build time: May  1 2023 12:33:41

pybullet build time: May  1 2023 12:33:41

pybullet build time: May  1 2023 12:33:41
PyBullet Hopper-v5: reward = progress
-1336.6218448075037
argv[0]=
argv[0]=
PyBullet Hopper-v5: reward = progress
-1011.2092116664523
argv[0]=
argv[0]=
PyBullet Hopper-v5: reward = progress
-622.713817080735
argv[0]=
argv[0]=
PyBullet Hopper-v5: reward = progress
-968.5050116506634
argv[0]=
argv[0]=
PyBullet Hopper-v5: reward = progress
-1292.1408460472085
argv[0]=
argv[0]=
PyBullet Hopper-v5: reward = progress
-1398.0412403689334
argv[0]=
argv[0]=
PyBullet Hopper-v5: reward = progress
-711.1370289040035
argv[0]=
argv[0]=
PyBullet Hopper-v5: reward = progress
-1473.7722060937085
argv[0]=
argv[0]=
PyBullet Hopper-v5: reward = progress
-1431.2894330145332
argv[0]=
argv[0]=
PyBullet Hopper-v5: reward = progress
714.3372416864804
argv[0]=
argv[0]=
