2 Nichos 85 gen

-722.6312026794042
-584.3002833554474
-748.7279081387396
-1652.9439304590896
-1502.4223430271845
-1737.7459872766944
-840.8319217289629
-751.7450029532686
-1633.5807039188107
-1415.323104443754

3 Nichos 81 gen

-1429.176663964829
-562.139515451642
-1271.7712978502982
-1621.5735870500966
-1651.490634461597
-552.2242757567906
-132.36845543122467
-709.4127298856808
-1680.8893656380874
-1706.4785455232354

3 Nichos 85 gen

-1614.5182358494008
-1698.3607114052666
-1392.3445011511835
-1764.7988498557984
-307.0675494802981
-1247.0946934278181
932.4091101720915
-366.0038973034807
-1167.8412947471957
-1132.6339107425592





-1597.9724670370474
798.7466398615918
-683.7830199253426
-1507.9498722576136
-980.2276811293727





-1576.8984966301282
-1536.4409300251668
-1562.47826907719
-708.6543874210367
-804.883439950604







-954.1795822756669
-1040.4948473132226
-1744.5779305414349
-1689.5270854495902

pybullet build time: Jun 20 2023 10:31:33

pybullet build time: Jun 20 2023 10:31:33

pybullet build time: Jun 20 2023 10:31:33

pybullet build time: Jun 20 2023 10:31:33

pybullet build time: Jun 20 2023 10:31:33

pybullet build time: Jun 20 2023 10:31:33

pybullet build time: Jun 20 2023 10:31:33
PyBullet Halfcheetah-v5: reward = progress + (njoint_at_limit * -0.1), terminate also when z < 0.3
-927.7990776619517
argv[0]=
argv[0]=
PyBullet Halfcheetah-v5: reward = progress + (njoint_at_limit * -0.1), terminate also when z < 0.3
-803.0562356499352
argv[0]=
argv[0]=
PyBullet Halfcheetah-v5: reward = progress + (njoint_at_limit * -0.1), terminate also when z < 0.3
-1061.4473465271626
argv[0]=
argv[0]=
PyBullet Halfcheetah-v5: reward = progress + (njoint_at_limit * -0.1), terminate also when z < 0.3
978.7131369583512
argv[0]=
argv[0]=
PyBullet Halfcheetah-v5: reward = progress + (njoint_at_limit * -0.1), terminate also when z < 0.3
975.6890419943738
argv[0]=
argv[0]=
PyBullet Halfcheetah-v5: reward = progress + (njoint_at_limit * -0.1), terminate also when z < 0.3
-1449.356094293967
argv[0]=
argv[0]=
PyBullet Halfcheetah-v5: reward = progress + (njoint_at_limit * -0.1), terminate also when z < 0.3
-733.3872315360134
argv[0]=
argv[0]=
