nohup.out
walker2d.ini










PyBullet Walker2d-v5: reward = progress
1
823.1703772333034
PyBullet Walker2d-v5: reward = progress
1
753.2704225971296
PyBullet Walker2d-v5: reward = progress
1
859.2474433899794
PyBullet Walker2d-v5: reward = progress
1
742.4600274568147
PyBullet Walker2d-v5: reward = progress
1
782.5878508434083
PyBullet Walker2d-v5: reward = progress
1
347.6395700261904
PyBullet Walker2d-v5: reward = progress
1
888.9368620068126
PyBullet Walker2d-v5: reward = progress
1
247.16338405934948
PyBullet Walker2d-v5: reward = progress
1
397.3446977828644
PyBullet Walker2d-v5: reward = progress
1
413.7114966271789
