



usage: es.py [-h] [-f FILEINI] [-s SEED] [-n NREPLICATIONS] [-w WORKERS] [-p]
             [-g GENOFILE] [-d] [-o FOLDER]
es.py: error: argument -s/--seed: expected one argument






PyBullet Hopper-v5: reward = progress
1
-886.5548143658332
PyBullet Hopper-v5: reward = progress
1
-884.1683647217044
PyBullet Hopper-v5: reward = progress
1
-523.7820359987211
PyBullet Hopper-v5: reward = progress
1
-867.956273648934
PyBullet Hopper-v5: reward = progress
1
-1075.5415835917374
PyBullet Hopper-v5: reward = progress
1
-764.7008521055639
PyBullet Hopper-v5: reward = progress
1
-738.670403051942
PyBullet Hopper-v5: reward = progress
1
-1438.3571611199804
PyBullet Hopper-v5: reward = progress
1
-1010.1741940810291
PyBullet Hopper-v5: reward = progress
1
-772.3512525279777
