
pybullet build time: May  1 2023 12:33:41

pybullet build time: May  1 2023 12:33:41

pybullet build time: May  1 2023 12:33:41

pybullet build time: May  1 2023 12:33:41

pybullet build time: May  1 2023 12:33:41

pybullet build time: May  1 2023 12:33:41

pybullet build time: May  1 2023 12:33:41

pybullet build time: May  1 2023 12:33:41

pybullet build time: May  1 2023 12:33:41

pybullet build time: May  1 2023 12:33:41
PyBullet Hopper-v5: reward = progress
-398.4244628112792
argv[0]=
argv[0]=
PyBullet Hopper-v5: reward = progress
-1185.0573898897687
argv[0]=
argv[0]=
PyBullet Hopper-v5: reward = progress
-906.2668770653618
argv[0]=
argv[0]=
PyBullet Hopper-v5: reward = progress
-723.5231459212689
argv[0]=
argv[0]=
PyBullet Hopper-v5: reward = progress
673.3726733002186
argv[0]=
argv[0]=
PyBullet Hopper-v5: reward = progress
-933.4706417724203
argv[0]=
argv[0]=
PyBullet Hopper-v5: reward = progress
-1027.9191459436358
argv[0]=
argv[0]=
PyBullet Hopper-v5: reward = progress
-704.6497676681975
argv[0]=
argv[0]=
PyBullet Hopper-v5: reward = progress
-1060.1582532105022
argv[0]=
argv[0]=
PyBullet Hopper-v5: reward = progress
-857.391002368131
argv[0]=
argv[0]=
