[1mERROR: configuration file hopper.ini does not exist[0m
[1mERROR: configuration file hopper.ini does not exist[0m
[1mERROR: configuration file hopper.ini does not exist[0m
[1mERROR: configuration file hopper.ini does not exist[0m
[1mERROR: configuration file hopper.ini does not exist[0m
[1mERROR: configuration file hopper.ini does not exist[0m
[1mERROR: configuration file hopper.ini does not exist[0m
[1mERROR: configuration file hopper.ini does not exist[0m
[1mERROR: configuration file hopper.ini does not exist[0m
[1mERROR: configuration file hopper.ini does not exist[0m

pybullet build time: May  1 2023 12:33:41

pybullet build time: May  1 2023 12:33:41

pybullet build time: May  1 2023 12:33:41

pybullet build time: May  1 2023 12:33:41

pybullet build time: May  1 2023 12:33:41

pybullet build time: May  1 2023 12:33:41

pybullet build time: May  1 2023 12:33:41

pybullet build time: May  1 2023 12:33:41

pybullet build time: May  1 2023 12:33:41

pybullet build time: May  1 2023 12:33:41
PyBullet Hopper-v5: reward = progress
-1237.1617166483702
argv[0]=
argv[0]=
PyBullet Hopper-v5: reward = progress
-1460.2385263129013
argv[0]=
argv[0]=
PyBullet Hopper-v5: reward = progress
-1213.5398624222485
argv[0]=
argv[0]=
PyBullet Hopper-v5: reward = progress
-1463.1388446856217
argv[0]=
argv[0]=
PyBullet Hopper-v5: reward = progress
-925.4810051096767
argv[0]=
argv[0]=
PyBullet Hopper-v5: reward = progress
-1463.7598585834057
argv[0]=
argv[0]=
PyBullet Hopper-v5: reward = progress
-1355.9416508720265
argv[0]=
argv[0]=
PyBullet Hopper-v5: reward = progress
-1252.4853444958403
argv[0]=
argv[0]=
PyBullet Hopper-v5: reward = progress
-1362.3569895593755
argv[0]=
argv[0]=
PyBullet Hopper-v5: reward = progress
-1101.2879228435581
argv[0]=
argv[0]=
