
pybullet build time: May  1 2023 12:33:41

pybullet build time: May  1 2023 12:33:41

pybullet build time: May  1 2023 12:33:41

pybullet build time: May  1 2023 12:33:41

pybullet build time: May  1 2023 12:33:41

pybullet build time: May  1 2023 12:33:41

pybullet build time: May  1 2023 12:33:41

pybullet build time: May  1 2023 12:33:41

pybullet build time: May  1 2023 12:33:41

pybullet build time: May  1 2023 12:33:41
ByBullet Ant-v5: reward = progress + 0.01 + (torque_cost * -0.01) + (nJointLimit * -0.1)
-620.7712268994801
argv[0]=
argv[0]=
ByBullet Ant-v5: reward = progress + 0.01 + (torque_cost * -0.01) + (nJointLimit * -0.1)
-252.9138140413454
argv[0]=
argv[0]=
ByBullet Ant-v5: reward = progress + 0.01 + (torque_cost * -0.01) + (nJointLimit * -0.1)
-665.8614787252329
argv[0]=
argv[0]=
ByBullet Ant-v5: reward = progress + 0.01 + (torque_cost * -0.01) + (nJointLimit * -0.1)
-623.1763915160534
argv[0]=
argv[0]=
ByBullet Ant-v5: reward = progress + 0.01 + (torque_cost * -0.01) + (nJointLimit * -0.1)
-660.0334857042599
argv[0]=
argv[0]=
ByBullet Ant-v5: reward = progress + 0.01 + (torque_cost * -0.01) + (nJointLimit * -0.1)
-838.1671151071307
argv[0]=
argv[0]=
ByBullet Ant-v5: reward = progress + 0.01 + (torque_cost * -0.01) + (nJointLimit * -0.1)
-757.6315162843296
argv[0]=
argv[0]=
ByBullet Ant-v5: reward = progress + 0.01 + (torque_cost * -0.01) + (nJointLimit * -0.1)
-482.4608718171146
argv[0]=
argv[0]=
ByBullet Ant-v5: reward = progress + 0.01 + (torque_cost * -0.01) + (nJointLimit * -0.1)
199.76137553873104
argv[0]=
argv[0]=
ByBullet Ant-v5: reward = progress + 0.01 + (torque_cost * -0.01) + (nJointLimit * -0.1)
-459.5638467779852
argv[0]=
argv[0]=
