
pybullet build time: May  1 2023 12:33:41

pybullet build time: May  1 2023 12:33:41

pybullet build time: May  1 2023 12:33:41

pybullet build time: May  1 2023 12:33:41

pybullet build time: May  1 2023 12:33:41

pybullet build time: May  1 2023 12:33:41

pybullet build time: May  1 2023 12:33:41

pybullet build time: May  1 2023 12:33:41

pybullet build time: May  1 2023 12:33:41

pybullet build time: May  1 2023 12:33:41
ByBullet Ant-v5: reward = progress + 0.01 + (torque_cost * -0.01) + (nJointLimit * -0.1)
-579.1915799217393
argv[0]=
argv[0]=
ByBullet Ant-v5: reward = progress + 0.01 + (torque_cost * -0.01) + (nJointLimit * -0.1)
303.4733474897172
argv[0]=
argv[0]=
ByBullet Ant-v5: reward = progress + 0.01 + (torque_cost * -0.01) + (nJointLimit * -0.1)
105.96855257648758
argv[0]=
argv[0]=
ByBullet Ant-v5: reward = progress + 0.01 + (torque_cost * -0.01) + (nJointLimit * -0.1)
344.4824087896973
argv[0]=
argv[0]=
ByBullet Ant-v5: reward = progress + 0.01 + (torque_cost * -0.01) + (nJointLimit * -0.1)
-710.5084998327941
argv[0]=
argv[0]=
ByBullet Ant-v5: reward = progress + 0.01 + (torque_cost * -0.01) + (nJointLimit * -0.1)
-301.2740537849029
argv[0]=
argv[0]=
ByBullet Ant-v5: reward = progress + 0.01 + (torque_cost * -0.01) + (nJointLimit * -0.1)
-375.28396300769396
argv[0]=
argv[0]=
ByBullet Ant-v5: reward = progress + 0.01 + (torque_cost * -0.01) + (nJointLimit * -0.1)
-118.28071617013188
argv[0]=
argv[0]=
ByBullet Ant-v5: reward = progress + 0.01 + (torque_cost * -0.01) + (nJointLimit * -0.1)
-299.09690295718997
argv[0]=
argv[0]=
ByBullet Ant-v5: reward = progress + 0.01 + (torque_cost * -0.01) + (nJointLimit * -0.1)
-517.5367944524767
argv[0]=
argv[0]=
